{"/Users/olgabuksman/Documents/rss-react-project/react-project/src/pages/NotFoundPage.tsx": {"path":"/Users/olgabuksman/Documents/rss-react-project/react-project/src/pages/NotFoundPage.tsx","statementMap":{"0":{"start":{"line":4,"column":40},"end":{"line":10,"column":3}},"1":{"start":{"line":5,"column":4},"end":{"line":9,"column":6}},"2":{"start":{"line":12,"column":2},"end":{"line":12,"column":30}}},"fnMap":{"0":{"name":"(anonymous_0)","decl":{"start":{"line":4,"column":40},"end":{"line":4,"column":43}},"loc":{"start":{"line":4,"column":45},"end":{"line":10,"column":3}}}},"branchMap":{},"s":{"0":1,"1":1,"2":1},"f":{"0":1},"b":{}}
}
